Start testing: Apr 06 13:00 Pacific Daylight Time
----------------------------------------------------------
1/1 Testing: HostCoreTests
1/1 Test: HostCoreTests
Command: "C:/Users/MrIvo/Github/IVOESimpleFences/build/Debug/HostCoreTests.exe"
Directory: C:/Users/MrIvo/Github/IVOESimpleFences/build
"HostCoreTests" start time: Apr 06 13:00 Pacific Daylight Time
Output:
----------------------------------------------------------
HostCoreTests passed
<end of output>
Test time =  21.40 sec
----------------------------------------------------------
Test Passed.
"HostCoreTests" end time: Apr 06 13:00 Pacific Daylight Time
"HostCoreTests" time elapsed: 00:00:21
----------------------------------------------------------

End testing: Apr 06 13:00 Pacific Daylight Time
