<?xml version="1.0" encoding="UTF-8"?>
<Site BuildName="(empty)"
	BuildStamp="20260402-1957-Experimental"
	Name="(empty)"
	Generator="ctest-4.1.2-msvc8"
	CompilerName=""
	CompilerVersion=""
	OSName="Windows"
	Hostname="Ivoe"
	OSRelease=" Personal"
	OSVersion=" (Build 26200)"
	OSPlatform="x86"
	Is64Bits="1"
	VendorString="GenuineIntel"
	VendorID="Intel Corporation"
	FamilyID="6"
	ModelID="10"
	ModelName=""
	ProcessorCacheSize="-1"
	NumberOfLogicalCPU="12"
	NumberOfPhysicalCPU="8"
	TotalVirtualMemory="69272"
	TotalPhysicalMemory="65176"
	LogicalProcessorsPerPhysical="1"
	ProcessorClockFrequency="2100"
	>
	<Testing>
		<StartDateTime>Apr 03 14:45 Pacific Daylight Time</StartDateTime>
		<StartTestTime>1775252710</StartTestTime>
		<TestList/>
		<EndDateTime>Apr 03 14:45 Pacific Daylight Time</EndDateTime>
		<EndTestTime>1775252710</EndTestTime>
		<ElapsedMinutes>0</ElapsedMinutes>
	</Testing>
</Site>
