<?xml version="1.0" encoding="UTF-8"?>
<Site BuildName="(empty)"
	BuildStamp="20260402-1957-Experimental"
	Name="(empty)"
	Generator="ctest-4.1.2-msvc8"
	CompilerName=""
	CompilerVersion=""
	OSName="Windows"
	Hostname="Ivoe"
	OSRelease=" Personal"
	OSVersion=" (Build 26200)"
	OSPlatform="x86"
	Is64Bits="1"
	VendorString="GenuineIntel"
	VendorID="Intel Corporation"
	FamilyID="6"
	ModelID="10"
	ModelName=""
	ProcessorCacheSize="-1"
	NumberOfLogicalCPU="12"
	NumberOfPhysicalCPU="8"
	TotalVirtualMemory="69272"
	TotalPhysicalMemory="65176"
	LogicalProcessorsPerPhysical="1"
	ProcessorClockFrequency="2100"
	>
	<Testing>
		<StartDateTime>Apr 02 13:20 Pacific Daylight Time</StartDateTime>
		<StartTestTime>1775161222</StartTestTime>
		<TestList>
			<Test>./HostCoreTests</Test>
		</TestList>
		<Test Status="passed">
			<Name>HostCoreTests</Name>
			<Path>.</Path>
			<FullName>./HostCoreTests</FullName>
			<FullCommandLine>C:\Users\MrIvo\Github\IVOESimpleFences\build\Debug\HostCoreTests.exe</FullCommandLine>
			<Results>
				<NamedMeasurement type="numeric/double" name="Execution Time">
					<Value>0.251739</Value>
				</NamedMeasurement>
				<NamedMeasurement type="numeric/double" name="Processors">
					<Value>1</Value>
				</NamedMeasurement>
				<NamedMeasurement type="text/string" name="Completion Status">
					<Value>Completed</Value>
				</NamedMeasurement>
				<NamedMeasurement type="text/string" name="Command Line">
					<Value>C:\Users\MrIvo\Github\IVOESimpleFences\build\Debug\HostCoreTests.exe</Value>
				</NamedMeasurement>
				<NamedMeasurement type="text/string" name="Environment">
					<Value>#CTEST_RESOURCE_GROUP_COUNT=</Value>
				</NamedMeasurement>
				<Measurement>
					<Value>HostCoreTests passed
</Value>
				</Measurement>
			</Results>
		</Test>
		<EndDateTime>Apr 02 13:20 Pacific Daylight Time</EndDateTime>
		<EndTestTime>1775161223</EndTestTime>
		<ElapsedMinutes>0</ElapsedMinutes>
	</Testing>
</Site>
